#
# A fatal error has been detected by the Java Runtime Environment:
#
#  Internal Error (os_windows_x86.cpp:114), pid=439588, tid=435624
#  Error: guarantee(result == -1,"Unexpected result from topLevelExceptionFilter")
#
# JRE version: 6.0_17-b04
# Java VM: Java HotSpot(TM) 64-Bit Server VM (14.3-b01 mixed mode windows-amd64 )
# If you would like to submit a bug report, please visit:
#   http://java.sun.com/webapps/bugreport/crash.jsp
# The crash happened outside the Java Virtual Machine in native code.
# See problematic frame for where to report the bug.
#

---------------  T H R E A D  ---------------

Current thread (0x00000000055a1800):  JavaThread "main" [_thread_in_native, id=435624, stack(0x0000000000160000,0x0000000004160000)]

Stack: [0x0000000000160000,0x0000000004160000]
[error occurred during error reporting (printing stack bounds), id 0xc0000005]

Java frames: (J=compiled Java code, j=interpreted, Vv=VM code)
j  com.mathworks.jmi.NativeMatlab.ProcessPendingEvents()Z+0
j  com.mathworks.jmi.NativeMatlab.processPendingEvents()Z+8
j  com.mathworks.jmi.Matlab$ProcessPendingEvents.callBooleanMethod(Ljava/lang/Object;)Z+0
j  com.mathworks.util.FactoryUtils.processPendingEvents()Z+12
j  com.mathworks.mde.desk.MLDesktop.canClose()Z+84
j  com.mathworks.mde.desk.MLDesktop$2.call()Ljava/lang/Boolean;+4
j  com.mathworks.mde.desk.MLDesktop$2.call()Ljava/lang/Object;+1
j  com.mathworks.jmi.Matlab.isOkToExit()Z+54
v  ~StubRoutines::call_stub
j  com.mathworks.jmi.NativeMatlab.SendMatlabMessage(Ljava/lang/Object;)Ljava/lang/Object;+0
j  com.mathworks.jmi.NativeMatlab.sendMatlabMessage(Ljava/lang/Object;)Ljava/lang/Object;+22
j  com.mathworks.jmi.MatlabLooper.sendMatlabMessage(Lcom/mathworks/services/message/MWMessage;)Ljava/lang/Object;+20
j  com.mathworks.jmi.Matlab.mtFevalConsoleOutput(Ljava/lang/String;[Ljava/lang/Object;I)Ljava/lang/Object;+58
j  com.mathworks.mde.desk.MLDesktop$9.run()V+14
j  com.mathworks.jmi.NativeMatlab.dispatchMTRequests(Z)V+57
v  ~StubRoutines::call_stub

---------------  P R O C E S S  ---------------

Java Threads: ( => current thread )
  0x0000000060247800 JavaThread "Timer-8078" [_thread_blocked, id=271156, stack(0x0000000061fc0000,0x0000000062040000)]
  0x0000000060244000 JavaThread "Inactive RequestProcessor thread [Was:TimedSoftReference/org.openide.util.TimedSoftReference]" daemon [_thread_blocked, id=483580, stack(0x000000004cb30000,0x000000004cbb0000)]
  0x0000000060248800 JavaThread "Code Analyzer updating thread" [_thread_blocked, id=570624, stack(0x0000000056a50000,0x0000000056ad0000)]
  0x0000000060249000 JavaThread "pool-3-thread-1" [_thread_blocked, id=284148, stack(0x0000000040930000,0x00000000409b0000)]
  0x000000006024a000 JavaThread "Code Analyzer updating thread" [_thread_blocked, id=322124, stack(0x0000000025ac0000,0x0000000025b40000)]
  0x0000000060247000 JavaThread "Code Analyzer updating thread" [_thread_blocked, id=142104, stack(0x000000005d8c0000,0x000000005d940000)]
  0x0000000055513800 JavaThread "Code Analyzer updating thread" [_thread_blocked, id=414648, stack(0x000000001d120000,0x000000001d1a0000)]
  0x0000000060246800 JavaThread "Code Analyzer updating thread" [_thread_blocked, id=552568, stack(0x0000000029490000,0x0000000029510000)]
  0x0000000060245000 JavaThread "Code Analyzer updating thread" [_thread_blocked, id=278088, stack(0x0000000048a60000,0x0000000048ae0000)]
  0x0000000060245800 JavaThread "pool-4-thread-1" [_thread_blocked, id=12164, stack(0x0000000025bf0000,0x0000000025c70000)]
  0x0000000055511000 JavaThread "Code Analyzer updating thread" [_thread_blocked, id=338820, stack(0x000000005c2f0000,0x000000005c370000)]
  0x000000005550d800 JavaThread "Timer queue for AWT thread" daemon [_thread_blocked, id=495536, stack(0x000000000fa60000,0x000000000fae0000)]
  0x0000000055512800 JavaThread "Foxtrot Single Worker Thread #1" daemon [_thread_blocked, id=264048, stack(0x00000000212a0000,0x0000000021320000)]
  0x000000005550f000 JavaThread "Code Analyzer updating thread" [_thread_blocked, id=233996, stack(0x0000000008810000,0x0000000008890000)]
  0x0000000055505000 JavaThread "Code Analyzer updating thread" [_thread_blocked, id=122084, stack(0x0000000014f70000,0x0000000014ff0000)]
  0x000000005550c000 JavaThread "Code Analyzer updating thread" [_thread_blocked, id=59400, stack(0x0000000008770000,0x00000000087f0000)]
  0x000000005550d000 JavaThread "RequestQueue for GenericFileList" [_thread_blocked, id=479104, stack(0x000000000fb90000,0x000000000fc10000)]
  0x000000005550a800 JavaThread "Active Reference Queue Daemon" daemon [_thread_blocked, id=592444, stack(0x0000000008890000,0x0000000008910000)]
  0x0000000055509000 JavaThread "Timer-6" daemon [_thread_blocked, id=414740, stack(0x0000000008970000,0x00000000089f0000)]
  0x000000005550a000 JavaThread "Timer-5" daemon [_thread_blocked, id=437536, stack(0x00000000085c0000,0x0000000008640000)]
  0x0000000055506800 JavaThread "Prefs Updater" daemon [_thread_blocked, id=622672, stack(0x00000000083d0000,0x0000000008450000)]
  0x0000000055505800 JavaThread "Timer-1" [_thread_blocked, id=441132, stack(0x0000000008480000,0x0000000008500000)]
  0x0000000055504000 JavaThread "FelixPackageAdmin" daemon [_thread_blocked, id=415164, stack(0x0000000008290000,0x0000000008310000)]
  0x0000000055461800 JavaThread "FelixStartLevel" daemon [_thread_blocked, id=441152, stack(0x0000000007f20000,0x0000000007fa0000)]
  0x0000000055460800 JavaThread "FelixDispatchQueue" daemon [_thread_blocked, id=410784, stack(0x0000000008200000,0x0000000008280000)]
  0x000000005526e000 JavaThread "TimerQueue" daemon [_thread_blocked, id=16196, stack(0x000000000f8d0000,0x000000000f950000)]
  0x00000000552df000 JavaThread "AWT-EventQueue-0" [_thread_blocked, id=433940, stack(0x000000000f830000,0x000000000f8b0000)]
  0x0000000054f2c000 JavaThread "com.google.common.base.internal.Finalizer" daemon [_thread_blocked, id=435880, stack(0x000000000fb10000,0x000000000fb90000)]
  0x000000000ec49000 JavaThread "AWT-Windows" daemon [_thread_in_native, id=438848, stack(0x000000000f7b0000,0x000000000f830000)]
  0x000000000f44d000 JavaThread "AWT-Shutdown" [_thread_blocked, id=418908, stack(0x000000000f5a0000,0x000000000f620000)]
  0x0000000054fd7000 JavaThread "Java2D Disposer" daemon [_thread_blocked, id=434668, stack(0x000000000f630000,0x000000000f6b0000)]
  0x0000000054e66800 JavaThread "Timer-0" [_thread_blocked, id=434740, stack(0x000000000e1a0000,0x000000000e220000)]
  0x0000000054e21800 JavaThread "JMI Unnamed Thread" [_thread_in_native, id=417216, stack(0x0000000010f20000,0x0000000014f20000)]
  0x000000000e4f3800 JavaThread "Low Memory Detector" daemon [_thread_blocked, id=389808, stack(0x000000000e7d0000,0x000000000e850000)]
  0x000000000e4f2000 JavaThread "CompilerThread1" daemon [_thread_blocked, id=436640, stack(0x00000000903d0000,0x00000000943d0000)]
  0x000000000e4e8000 JavaThread "CompilerThread0" daemon [_thread_blocked, id=415712, stack(0x000000008c2a0000,0x00000000902a0000)]
  0x000000000e4e7000 JavaThread "Attach Listener" daemon [_thread_blocked, id=434796, stack(0x000000000e700000,0x000000000e780000)]
  0x000000000e492800 JavaThread "Finalizer" daemon [_thread_blocked, id=431904, stack(0x000000000e630000,0x000000000e6b0000)]
  0x000000000562e800 JavaThread "Reference Handler" daemon [_thread_blocked, id=421864, stack(0x000000000e240000,0x000000000e2c0000)]
=>0x00000000055a1800 JavaThread "main" [_thread_in_native, id=435624, stack(0x0000000000160000,0x0000000004160000)]

Other Threads:
  0x000000000562b000 VMThread [stack: 0x0000000088170000,0x000000008c170000] [id=434076]
  0x000000000e521800 WatcherThread [stack: 0x00000000943d0000,0x00000000983d0000] [id=429576]

VM state:not at safepoint (normal execution)

VM Mutex/Monitor currently owned by a thread: None

Heap
 PSYoungGen      total 17984K, used 14549K [0x000000003d820000, 0x000000003ee80000, 0x0000000040920000)
  eden space 15616K, 93% used [0x000000003d820000,0x000000003e6555e8,0x000000003e760000)
  from space 2368K, 0% used [0x000000003e760000,0x000000003e760000,0x000000003e9b0000)
  to   space 3392K, 0% used [0x000000003eb30000,0x000000003eb30000,0x000000003ee80000)
 PSOldGen        total 150528K, used 150527K [0x0000000034520000, 0x000000003d820000, 0x000000003d820000)
  object space 150528K, 99% used [0x0000000034520000,0x000000003d81ffc0,0x000000003d820000)
 PSPermGen       total 67648K, used 67615K [0x000000002c520000, 0x0000000030730000, 0x0000000034520000)
  object space 67648K, 99% used [0x000000002c520000,0x0000000030727d68,0x0000000030730000)

Dynamic libraries:
0x000000013f7a0000 - 0x000000013f7c9000 	C:\MATLAB\R2011b\bin\win64\MATLAB.exe
0x0000000076cb0000 - 0x0000000076e59000 	C:\Windows\SYSTEM32\ntdll.dll
0x00000000767e0000 - 0x00000000768ff000 	C:\Windows\system32\kernel32.dll
0x000007fefd220000 - 0x000007fefd28b000 	C:\Windows\system32\KERNELBASE.dll
0x0000000074460000 - 0x0000000074563000 	C:\MATLAB\R2011b\bin\win64\libut.dll
0x00000000758a0000 - 0x0000000075944000 	C:\MATLAB\R2011b\bin\win64\libmwi18n.dll
0x0000000180000000 - 0x000000018000b000 	C:\MATLAB\R2011b\bin\win64\libmwresource_core.dll
0x00000000608a0000 - 0x0000000060973000 	C:\Windows\WinSxS\amd64_microsoft.vc90.crt_1fc8b3b9a1e18e3b_9.0.30729.6161_none_08e61857a83bc251\MSVCP90.dll
0x00000000609b0000 - 0x0000000060a53000 	C:\Windows\WinSxS\amd64_microsoft.vc90.crt_1fc8b3b9a1e18e3b_9.0.30729.6161_none_08e61857a83bc251\MSVCR90.dll
0x000000007a170000 - 0x000000007a19c000 	C:\MATLAB\R2011b\bin\win64\boost_filesystem-vc90-mt-1_44.dll
0x000000007a560000 - 0x000000007a569000 	C:\MATLAB\R2011b\bin\win64\boost_system-vc90-mt-1_44.dll
0x000007fefd6c0000 - 0x000007fefd79b000 	C:\Windows\system32\ADVAPI32.dll
0x000007fefda80000 - 0x000007fefdb1f000 	C:\Windows\system32\msvcrt.dll
0x000007fefefa0000 - 0x000007fefefbf000 	C:\Windows\SYSTEM32\sechost.dll
0x000007fefee60000 - 0x000007fefef8d000 	C:\Windows\system32\RPCRT4.dll
0x000000007a010000 - 0x000000007a035000 	C:\MATLAB\R2011b\bin\win64\LIBEXPAT.dll
0x000000005d080000 - 0x000000005d271000 	C:\MATLAB\R2011b\bin\win64\icuin44.dll
0x0000000060720000 - 0x0000000060891000 	C:\MATLAB\R2011b\bin\win64\icuuc44.dll
0x0000000010000000 - 0x0000000010e41000 	C:\MATLAB\R2011b\bin\win64\icudt44.dll
0x0000000073f70000 - 0x00000000740b5000 	C:\MATLAB\R2011b\bin\win64\libmwfl.dll
0x000000007a350000 - 0x000000007a556000 	C:\MATLAB\R2011b\bin\win64\libmwMATLAB_res.dll
0x0000000004160000 - 0x0000000004170000 	C:\MATLAB\R2011b\bin\win64\boost_date_time-vc90-mt-1_44.dll
0x000000007a250000 - 0x000000007a263000 	C:\MATLAB\R2011b\bin\win64\boost_signals-vc90-mt-1_44.dll
0x000000007a2d0000 - 0x000000007a2e2000 	C:\MATLAB\R2011b\bin\win64\boost_thread-vc90-mt-1_44.dll
0x00000000041a0000 - 0x00000000041e6000 	C:\MATLAB\R2011b\bin\win64\tbb.dll
0x000007fefdb20000 - 0x000007fefdb39000 	C:\Windows\system32\imagehlp.dll
0x0000000076e70000 - 0x0000000076e77000 	C:\Windows\system32\PSAPI.DLL
0x0000000068da0000 - 0x0000000068db3000 	C:\MATLAB\R2011b\bin\win64\icuio44.dll
0x000007feef590000 - 0x000007feef6b5000 	C:\Windows\system32\dbghelp.dll
0x0000000076a60000 - 0x0000000076b5a000 	C:\Windows\system32\USER32.dll
0x000007fefdf60000 - 0x000007fefdfc7000 	C:\Windows\system32\GDI32.dll
0x000007fefee00000 - 0x000007fefee0e000 	C:\Windows\system32\LPK.dll
0x000007fefde10000 - 0x000007fefded9000 	C:\Windows\system32\USP10.dll
0x000000007bed0000 - 0x000000007c148000 	C:\MATLAB\R2011b\bin\win64\libmwservices.dll
0x0000000075a20000 - 0x0000000075ad5000 	C:\MATLAB\R2011b\bin\win64\libmx.dll
0x000000007a210000 - 0x000000007a228000 	C:\MATLAB\R2011b\bin\win64\zlib1.dll
0x0000000074330000 - 0x0000000074453000 	C:\MATLAB\R2011b\bin\win64\libmwmathutil.dll
0x0000000075f10000 - 0x0000000075f5d000 	C:\MATLAB\R2011b\bin\win64\mpath.dll
0x000000007b680000 - 0x000000007bb4d000 	C:\MATLAB\R2011b\bin\win64\mlutil.dll
0x000000005f200000 - 0x000000005f27f000 	C:\MATLAB\R2011b\bin\win64\xmlcore.dll
0x000000007bc30000 - 0x000000007be83000 	C:\MATLAB\R2011b\bin\win64\xerces-c_2_7.dll
0x000007fefee10000 - 0x000007fefee5d000 	C:\Windows\system32\WS2_32.dll
0x000007fefef90000 - 0x000007fefef98000 	C:\Windows\system32\NSI.dll
0x0000000004390000 - 0x00000000043a6000 	C:\MATLAB\R2011b\bin\win64\libmwsettings_res.dll
0x00000000043c0000 - 0x0000000004407000 	C:\MATLAB\R2011b\bin\win64\boost_serialization-vc90-mt-1_44.dll
0x000007fefdfd0000 - 0x000007fefed58000 	C:\Windows\system32\SHELL32.dll
0x000007fefdc80000 - 0x000007fefdcf1000 	C:\Windows\system32\SHLWAPI.dll
0x000007fef9480000 - 0x000007fef9520000 	C:\Windows\WinSxS\amd64_microsoft.windows.common-controls_6595b64144ccf1df_5.82.7601.17514_none_a4d6a923711520a9\COMCTL32.dll
0x000007fefed60000 - 0x000007fefedf7000 	C:\Windows\system32\COMDLG32.dll
0x000007fefb1d0000 - 0x000007fefb1e6000 	C:\Windows\system32\NETAPI32.dll
0x000007fefb1c0000 - 0x000007fefb1cc000 	C:\Windows\system32\netutils.dll
0x000007fefcc40000 - 0x000007fefcc63000 	C:\Windows\system32\srvcli.dll
0x000007fefb1a0000 - 0x000007fefb1b5000 	C:\Windows\system32\wkscli.dll
0x000007fefd840000 - 0x000007fefda43000 	C:\Windows\system32\ole32.dll
0x000007fefdba0000 - 0x000007fefdc77000 	C:\Windows\system32\OLEAUT32.dll
0x0000000074970000 - 0x0000000074a41000 	C:\MATLAB\R2011b\bin\win64\mcr.dll
0x0000000075000000 - 0x0000000075324000 	C:\MATLAB\R2011b\bin\win64\iqm.dll
0x0000000077830000 - 0x0000000078000000 	C:\MATLAB\R2011b\bin\win64\m_interpreter.dll
0x00000000690c0000 - 0x00000000690d5000 	C:\MATLAB\R2011b\bin\win64\libmex.dll
0x000000005d3d0000 - 0x000000005d47e000 	C:\MATLAB\R2011b\bin\win64\m_dispatcher.dll
0x0000000074880000 - 0x000000007496d000 	C:\MATLAB\R2011b\bin\win64\boost_regex-vc90-mt-1_44.dll
0x000000005f170000 - 0x000000005f1f4000 	C:\MATLAB\R2011b\bin\win64\profiler.dll
0x0000000079f40000 - 0x0000000079f73000 	C:\MATLAB\R2011b\bin\win64\libmwmathrng.dll
0x0000000074c10000 - 0x0000000074cea000 	C:\MATLAB\R2011b\bin\win64\libmwmathcore.dll
0x0000000076160000 - 0x00000000761cb000 	C:\MATLAB\R2011b\bin\win64\libmwspmatrix.dll
0x0000000075ea0000 - 0x0000000075f02000 	C:\MATLAB\R2011b\bin\win64\libmwcholmod.dll
0x00000000044d0000 - 0x00000000044dd000 	C:\MATLAB\R2011b\bin\win64\libmwamd.dll
0x00000000044f0000 - 0x00000000044fc000 	C:\MATLAB\R2011b\bin\win64\libmwcolamd.dll
0x0000000066380000 - 0x0000000066399000 	C:\MATLAB\R2011b\bin\win64\libmwblas.dll
0x0000000066be0000 - 0x0000000066bf2000 	C:\MATLAB\R2011b\bin\win64\libmwbinder.dll
0x0000000071a50000 - 0x0000000071a5b000 	C:\MATLAB\R2011b\bin\win64\libmwompwrapper.dll
0x000000005d340000 - 0x000000005d3c2000 	C:\MATLAB\R2011b\bin\win64\libmwlapack.dll
0x00000000642e0000 - 0x0000000064301000 	C:\MATLAB\R2011b\bin\win64\m_pcodeio.dll
0x0000000079b10000 - 0x0000000079b77000 	C:\MATLAB\R2011b\bin\win64\m_ir.dll
0x0000000056ae0000 - 0x0000000057120000 	C:\MATLAB\R2011b\bin\win64\m_parser.dll
0x0000000065f70000 - 0x0000000065f8a000 	C:\MATLAB\R2011b\bin\win64\ir_xfmr.dll
0x000000005cdf0000 - 0x000000005d075000 	C:\MATLAB\R2011b\bin\win64\mcos.dll
0x000000006e740000 - 0x000000006e74c000 	C:\MATLAB\R2011b\bin\win64\mtok.dll
0x0000000063b90000 - 0x0000000063bc1000 	C:\MATLAB\R2011b\bin\win64\m_pcodegen.dll
0x0000000079fb0000 - 0x0000000079fe5000 	C:\MATLAB\R2011b\bin\win64\libmwbridge.dll
0x000000005cd20000 - 0x000000005cde8000 	C:\MATLAB\R2011b\bin\win64\udd.dll
0x000000005cbd0000 - 0x000000005cd17000 	C:\MATLAB\R2011b\bin\win64\libmwgui.dll
0x0000000063c70000 - 0x0000000063c87000 	C:\MATLAB\R2011b\bin\win64\graphics_util.dll
0x0000000004600000 - 0x0000000004fb0000 	C:\MATLAB\R2011b\bin\win64\hg.dll
0x0000000076100000 - 0x0000000076158000 	C:\MATLAB\R2011b\bin\win64\libmat.dll
0x0000000072d30000 - 0x0000000072f44000 	C:\MATLAB\R2011b\bin\win64\hdf5dll.dll
0x0000000075710000 - 0x000000007579d000 	C:\MATLAB\R2011b\bin\win64\jmi.dll
0x0000000004ff0000 - 0x0000000004ffe000 	C:\MATLAB\R2011b\bin\win64\nativejava_services.dll
0x000000005f2b0000 - 0x000000005f2f3000 	C:\MATLAB\R2011b\bin\win64\libmwhardcopy.dll
0x000000005dde0000 - 0x000000005de43000 	C:\MATLAB\R2011b\bin\win64\libuij.dll
0x000000005c510000 - 0x000000005c717000 	C:\MATLAB\R2011b\bin\win64\hgdatatypes.dll
0x000000005aed0000 - 0x000000005afc9000 	C:\MATLAB\R2011b\bin\win64\hgutils.dll
0x000000005d280000 - 0x000000005d33d000 	C:\MATLAB\R2011b\bin\win64\udd_mi.dll
0x0000000005060000 - 0x0000000005329000 	C:\MATLAB\R2011b\bin\win64\uiw.dll
0x000000006e630000 - 0x000000006e63f000 	C:\MATLAB\R2011b\bin\win64\uinone.dll
0x000007fef8ab0000 - 0x000007fef8ac8000 	C:\Windows\system32\MPR.dll
0x0000000077340000 - 0x0000000077824000 	C:\Windows\WinSxS\amd64_microsoft.vc90.mfc_1fc8b3b9a1e18e3b_9.0.30729.6161_none_044aad0bab1eb146\mfc90.dll
0x000007fef9a80000 - 0x000007fef9a87000 	C:\Windows\system32\MSIMG32.dll
0x000007fef9400000 - 0x000007fef9471000 	C:\Windows\system32\WINSPOOL.DRV
0x0000000063c40000 - 0x0000000063c61000 	C:\MATLAB\R2011b\bin\win64\mwoles05.DLL
0x000000005e120000 - 0x000000005e195000 	C:\MATLAB\R2011b\bin\win64\comcli.dll
0x0000000062920000 - 0x000000006294f000 	C:\Windows\WinSxS\amd64_microsoft.vc90.atl_1fc8b3b9a1e18e3b_9.0.30729.6161_none_0a1fd3a3a768b895\ATL90.DLL
0x000000006e4d0000 - 0x000000006e4dc000 	C:\MATLAB\R2011b\bin\win64\mlautoregister.dll
0x0000000005380000 - 0x0000000005390000 	C:\MATLAB\R2011b\bin\win64\boost_iostreams-vc90-mt-1_44.dll
0x000007fefda50000 - 0x000007fefda7e000 	C:\Windows\system32\IMM32.DLL
0x000007fefdd00000 - 0x000007fefde09000 	C:\Windows\system32\MSCTF.dll
0x000007fefb8f0000 - 0x000007fefb946000 	C:\Windows\system32\UxTheme.dll
0x000007fefb4c0000 - 0x000007fefb4d8000 	C:\Windows\system32\dwmapi.dll
0x0000000066370000 - 0x000000006637d000 	C:\Windows\WinSxS\amd64_microsoft.vc90.mfcloc_1fc8b3b9a1e18e3b_9.0.30729.6161_none_01c9581e60cbee58\MFC90ENU.DLL
0x00000000054f0000 - 0x0000000005519000 	C:\MATLAB\R2011b\bin\win64\tbbmalloc.dll
0x000007fefd110000 - 0x000007fefd11f000 	C:\Windows\system32\profapi.dll
0x000007fef9aa0000 - 0x000007fef9ac7000 	C:\Windows\system32\iphlpapi.dll
0x000007fef9a90000 - 0x000007fef9a9b000 	C:\Windows\system32\WINNSI.DLL
0x000007fefc7a0000 - 0x000007fefc7fb000 	C:\Windows\system32\DNSAPI.dll
0x000007fef9110000 - 0x000007fef9121000 	C:\Windows\system32\dhcpcsvc6.DLL
0x000007fef90f0000 - 0x000007fef9108000 	C:\Windows\system32\dhcpcsvc.DLL
0x0000000068270000 - 0x0000000068273000 	C:\Windows\system32\icmp.Dll
0x000007fefd000000 - 0x000007fefd00f000 	C:\Windows\system32\CRYPTBASE.dll
0x000007fefd1c0000 - 0x000007fefd1f6000 	C:\Windows\system32\CFGMGR32.dll
0x0000000078870000 - 0x0000000078ecd000 	C:\MATLAB\R2011b\sys\java\jre\win64\jre\bin\server\jvm.dll
0x000007fefa260000 - 0x000007fefa29b000 	C:\Windows\system32\WINMM.dll
0x0000000007600000 - 0x000000000760e000 	C:\MATLAB\R2011b\sys\java\jre\win64\jre\bin\verify.dll
0x000000007a070000 - 0x000000007a097000 	C:\MATLAB\R2011b\sys\java\jre\win64\jre\bin\java.dll
0x0000000007630000 - 0x000000000763a000 	C:\MATLAB\R2011b\sys\java\jre\win64\jre\bin\hpi.dll
0x0000000007650000 - 0x0000000007662000 	C:\MATLAB\R2011b\sys\java\jre\win64\jre\bin\zip.dll
0x0000000075b90000 - 0x0000000075bfb000 	C:\MATLAB\R2011b\sys\java\jre\win64\jre\bin\fontmanager.dll
0x0000000073150000 - 0x0000000073311000 	C:\MATLAB\R2011b\sys\java\jre\win64\jre\bin\awt.dll
0x0000000079cf0000 - 0x0000000079d96000 	C:\MATLAB\R2011b\bin\win64\nativejmi.dll

VM Arguments:
jvm_args: -Xss512k -XX:PermSize=32m -Xms64m -XX:NewRatio=3 -XX:MaxPermSize=128m -Xmx196m -XX:MaxDirectMemorySize=2147400000 -Dsun.java2d.noddraw=true -Dsun.awt.nopixfmt=true -Xshare:off -Xrs -Dsun.awt.disableMixing=true -Djava.library.path=C:\MATLAB\R2011b\bin\win64 vfprintf abort 
java_command: <unknown>
Launcher Type: generic

Environment Variables:
CLASSPATH=.;C:\Program Files (x86)\Java\jre7\lib\ext\QTJava.zip
PATH=C:\Program Files (x86)\NVIDIA Corporation\PhysX\Common;C:\Windows\system32;C:\Windows;C:\Windows\System32\Wbem;C:\Windows\System32\WindowsPowerShell\v1.0\;C:\Program Files\Intel\DMIX;C:\Program Files\Microsoft Windows Performance Toolkit\;C:\MATLAB\R2011b\runtime\win64;C:\MATLAB\R2011b\bin;C:\Program Files (x86)\MiKTeX 2.9\miktex\bin\;C:\Program Files (x86)\QuickTime\QTSystem\
USERNAME=jchua
OS=Windows_NT
PROCESSOR_IDENTIFIER=Intel64 Family 6 Model 26 Stepping 5, GenuineIntel



---------------  S Y S T E M  ---------------

OS: Windows 7 Build 7601 Service Pack 1

CPU:total 8 (8 cores per cpu, 2 threads per core) family 6 model 26 stepping 5, cmov, cx8, fxsr, mmx, sse, sse2, sse3, ssse3, sse4.1, sse4.2, ht

Memory: 4k page, physical 16777216k(10973332k free), swap 33552576k(27264424k free)

vm_info: Java HotSpot(TM) 64-Bit Server VM (14.3-b01) for windows-amd64 JRE (1.6.0_17-b04), built on Oct 11 2009 00:46:08 by "java_re" with MS VC++ 8.0

time: Sat May 04 23:19:26 2013
elapsed time: 181540 seconds

