#
# A fatal error has been detected by the Java Runtime Environment:
#
#  Internal Error (os_windows_x86.cpp:114), pid=230480, tid=324084
#  Error: guarantee(result == -1,"Unexpected result from topLevelExceptionFilter")
#
# JRE version: 6.0_17-b04
# Java VM: Java HotSpot(TM) 64-Bit Server VM (14.3-b01 mixed mode windows-amd64 )
# If you would like to submit a bug report, please visit:
#   http://java.sun.com/webapps/bugreport/crash.jsp
# The crash happened outside the Java Virtual Machine in native code.
# See problematic frame for where to report the bug.
#

---------------  T H R E A D  ---------------

Current thread (0x0000000004fbf800):  JavaThread "main" [_thread_in_native, id=324084, stack(0x00000000001f0000,0x00000000041f0000)]

Stack: [0x00000000001f0000,0x00000000041f0000]
[error occurred during error reporting (printing stack bounds), id 0xc0000005]

Java frames: (J=compiled Java code, j=interpreted, Vv=VM code)
j  com.mathworks.jmi.NativeMatlab.ProcessPendingEvents()Z+0
j  com.mathworks.jmi.NativeMatlab.processPendingEvents()Z+8
j  com.mathworks.jmi.Matlab$ProcessPendingEvents.callBooleanMethod(Ljava/lang/Object;)Z+0
j  com.mathworks.util.FactoryUtils.processPendingEvents()Z+12
j  com.mathworks.widgets.desk.Desktop.canClose()Z+38
j  com.mathworks.mde.desk.MLDesktop.canClose()Z+113
j  com.mathworks.mde.desk.MLDesktop$2.call()Ljava/lang/Boolean;+4
j  com.mathworks.mde.desk.MLDesktop$2.call()Ljava/lang/Object;+1
j  com.mathworks.jmi.Matlab.isOkToExit()Z+54
v  ~StubRoutines::call_stub
j  com.mathworks.jmi.NativeMatlab.SendMatlabMessage(Ljava/lang/Object;)Ljava/lang/Object;+0
j  com.mathworks.jmi.NativeMatlab.sendMatlabMessage(Ljava/lang/Object;)Ljava/lang/Object;+22
j  com.mathworks.jmi.MatlabLooper.sendMatlabMessage(Lcom/mathworks/services/message/MWMessage;)Ljava/lang/Object;+20
j  com.mathworks.jmi.Matlab.mtFevalConsoleOutput(Ljava/lang/String;[Ljava/lang/Object;I)Ljava/lang/Object;+58
j  com.mathworks.mde.desk.MLDesktop$9.run()V+14
j  com.mathworks.jmi.NativeMatlab.dispatchMTRequests(Z)V+57
v  ~StubRoutines::call_stub

---------------  P R O C E S S  ---------------

Java Threads: ( => current thread )
  0x000000007ad73000 JavaThread "FileDecorationCache request queue" [_thread_blocked, id=315000, stack(0x0000000048b60000,0x0000000048be0000)]
  0x000000007ad6d800 JavaThread "Code Analyzer updating thread" [_thread_blocked, id=280044, stack(0x0000000025370000,0x00000000253f0000)]
  0x000000007ad70800 JavaThread "Inactive RequestProcessor thread [Was:TimedSoftReference/org.openide.util.TimedSoftReference]" daemon [_thread_blocked, id=306552, stack(0x0000000026ba0000,0x0000000026c20000)]
  0x000000007ad6e000 JavaThread "Code Analyzer updating thread" [_thread_blocked, id=292708, stack(0x0000000025fc0000,0x0000000026040000)]
  0x000000007ad71800 JavaThread "pool-3-thread-1" [_thread_blocked, id=326832, stack(0x0000000007730000,0x00000000077b0000)]
  0x000000007ad6c800 JavaThread "Code Analyzer updating thread" [_thread_blocked, id=219704, stack(0x0000000007950000,0x00000000079d0000)]
  0x000000007ad6c000 JavaThread "pool-4-thread-1" [_thread_blocked, id=263852, stack(0x0000000007bf0000,0x0000000007c70000)]
  0x000000007ad6a000 JavaThread "Code Analyzer updating thread" [_thread_blocked, id=307740, stack(0x0000000007890000,0x0000000007910000)]
  0x000000007ad6a800 JavaThread "Code Analyzer updating thread" [_thread_blocked, id=297808, stack(0x00000000076a0000,0x0000000007720000)]
  0x000000006c807000 JavaThread "Code Analyzer updating thread" [_thread_blocked, id=300672, stack(0x0000000028d50000,0x0000000028dd0000)]
  0x000000007ad69000 JavaThread "RequestQueue for GenericFileList" [_thread_blocked, id=231672, stack(0x0000000026320000,0x00000000263a0000)]
  0x000000007ad67800 JavaThread "Code Analyzer updating thread" [_thread_blocked, id=333812, stack(0x0000000050f00000,0x0000000050f80000)]
  0x000000007ad67000 JavaThread "Code Analyzer updating thread" [_thread_blocked, id=238244, stack(0x0000000014ee0000,0x0000000014f60000)]
  0x000000006c80a800 JavaThread "Code Analyzer updating thread" [_thread_blocked, id=276048, stack(0x0000000048ab0000,0x0000000048b30000)]
  0x000000006c80a000 JavaThread "Active Reference Queue Daemon" daemon [_thread_blocked, id=267516, stack(0x000000004cd40000,0x000000004cdc0000)]
  0x000000006c808800 JavaThread "Timer-6" daemon [_thread_blocked, id=235768, stack(0x0000000025270000,0x00000000252f0000)]
  0x000000006c807800 JavaThread "Timer-5" daemon [_thread_blocked, id=280152, stack(0x00000000449c0000,0x0000000044a40000)]
  0x000000006c805800 JavaThread "Prefs Updater" daemon [_thread_blocked, id=108132, stack(0x00000000407b0000,0x0000000040830000)]
  0x000000006c805000 JavaThread "Timer-1" [_thread_blocked, id=102020, stack(0x000000000fe10000,0x000000000fe90000)]
  0x000000006c803800 JavaThread "FelixPackageAdmin" daemon [_thread_blocked, id=220896, stack(0x0000000018f70000,0x0000000018ff0000)]
  0x000000006c931800 JavaThread "FelixStartLevel" daemon [_thread_blocked, id=251788, stack(0x0000000010e50000,0x0000000010ed0000)]
  0x000000006c8fe800 JavaThread "FelixDispatchQueue" daemon [_thread_blocked, id=267608, stack(0x00000000210b0000,0x0000000021130000)]
  0x000000000ee27800 JavaThread "TimerQueue" daemon [_thread_blocked, id=319192, stack(0x000000000faa0000,0x000000000fb20000)]
  0x000000000ee2d000 JavaThread "AWT-EventQueue-0" [_thread_blocked, id=256048, stack(0x000000000f7f0000,0x000000000f870000)]
  0x000000006c618800 JavaThread "com.google.common.base.internal.Finalizer" daemon [_thread_blocked, id=322388, stack(0x000000000fa00000,0x000000000fa80000)]
  0x000000006c6ff800 JavaThread "AWT-Windows" daemon [_thread_in_native, id=233460, stack(0x000000000f620000,0x000000000f6a0000)]
  0x000000006c6ff000 JavaThread "AWT-Shutdown" [_thread_blocked, id=300140, stack(0x000000000f450000,0x000000000f4d0000)]
  0x000000006c6fe800 JavaThread "Java2D Disposer" daemon [_thread_blocked, id=318144, stack(0x000000000f580000,0x000000000f600000)]
  0x000000006c308800 JavaThread "Timer-0" [_thread_blocked, id=311404, stack(0x000000000ccf0000,0x000000000cd70000)]
  0x000000006c17f000 JavaThread "JMI Unnamed Thread" [_thread_in_native, id=320908, stack(0x0000000010ed0000,0x0000000014ed0000)]
  0x000000000e6f4000 JavaThread "Low Memory Detector" daemon [_thread_blocked, id=254904, stack(0x000000000cd70000,0x000000000cdf0000)]
  0x000000000e6f0800 JavaThread "CompilerThread1" daemon [_thread_blocked, id=286252, stack(0x0000000080000000,0x0000000084000000)]
  0x000000000e6e8000 JavaThread "CompilerThread0" daemon [_thread_blocked, id=99332, stack(0x00000000655b0000,0x00000000695b0000)]
  0x000000000e6e7800 JavaThread "Attach Listener" daemon [_thread_blocked, id=285408, stack(0x0000000008790000,0x0000000008810000)]
  0x000000000e692800 JavaThread "Finalizer" daemon [_thread_blocked, id=275176, stack(0x000000000e4a0000,0x000000000e520000)]
  0x0000000004f0f800 JavaThread "Reference Handler" daemon [_thread_blocked, id=293504, stack(0x000000000e3a0000,0x000000000e420000)]
=>0x0000000004fbf800 JavaThread "main" [_thread_in_native, id=324084, stack(0x00000000001f0000,0x00000000041f0000)]

Other Threads:
  0x0000000004f0b000 VMThread [stack: 0x0000000061440000,0x0000000065440000] [id=234680]
  0x000000000e738800 WatcherThread [stack: 0x0000000084040000,0x0000000088040000] [id=219560]

VM state:not at safepoint (normal execution)

VM Mutex/Monitor currently owned by a thread: None

Heap
 PSYoungGen      total 26496K, used 12852K [0x000000003d690000, 0x000000003f790000, 0x0000000040790000)
  eden space 19136K, 48% used [0x000000003d690000,0x000000003dfad710,0x000000003e940000)
  from space 7360K, 47% used [0x000000003e940000,0x000000003ecafb38,0x000000003f070000)
  to   space 7232K, 0% used [0x000000003f080000,0x000000003f080000,0x000000003f790000)
 PSOldGen        total 140608K, used 106990K [0x0000000034390000, 0x000000003cce0000, 0x000000003d690000)
  object space 140608K, 76% used [0x0000000034390000,0x000000003ac0b9b0,0x000000003cce0000)
 PSPermGen       total 113536K, used 63443K [0x000000002c390000, 0x0000000033270000, 0x0000000034390000)
  object space 113536K, 55% used [0x000000002c390000,0x0000000030184cf8,0x0000000033270000)

Dynamic libraries:
0x000000013ffd0000 - 0x000000013fff9000 	C:\MATLAB\R2011b\bin\win64\MATLAB.exe
0x0000000076fd0000 - 0x0000000077179000 	C:\Windows\SYSTEM32\ntdll.dll
0x0000000076a40000 - 0x0000000076b5f000 	C:\Windows\system32\kernel32.dll
0x000007fefd540000 - 0x000007fefd5ab000 	C:\Windows\system32\KERNELBASE.dll
0x0000000074460000 - 0x0000000074563000 	C:\MATLAB\R2011b\bin\win64\libut.dll
0x00000000758a0000 - 0x0000000075944000 	C:\MATLAB\R2011b\bin\win64\libmwi18n.dll
0x0000000180000000 - 0x000000018000b000 	C:\MATLAB\R2011b\bin\win64\libmwresource_core.dll
0x00000000739d0000 - 0x0000000073aa3000 	C:\Windows\WinSxS\amd64_microsoft.vc90.crt_1fc8b3b9a1e18e3b_9.0.30729.6161_none_08e61857a83bc251\MSVCP90.dll
0x0000000073730000 - 0x00000000737d3000 	C:\Windows\WinSxS\amd64_microsoft.vc90.crt_1fc8b3b9a1e18e3b_9.0.30729.6161_none_08e61857a83bc251\MSVCR90.dll
0x000000007a170000 - 0x000000007a19c000 	C:\MATLAB\R2011b\bin\win64\boost_filesystem-vc90-mt-1_44.dll
0x000000007a560000 - 0x000000007a569000 	C:\MATLAB\R2011b\bin\win64\boost_system-vc90-mt-1_44.dll
0x000007fefd8b0000 - 0x000007fefd98b000 	C:\Windows\system32\ADVAPI32.dll
0x000007fefd800000 - 0x000007fefd89f000 	C:\Windows\system32\msvcrt.dll
0x000007fefdaf0000 - 0x000007fefdb0f000 	C:\Windows\SYSTEM32\sechost.dll
0x000007feff1b0000 - 0x000007feff2dd000 	C:\Windows\system32\RPCRT4.dll
0x000000007a010000 - 0x000000007a035000 	C:\MATLAB\R2011b\bin\win64\LIBEXPAT.dll
0x000000006dcb0000 - 0x000000006dea1000 	C:\MATLAB\R2011b\bin\win64\icuin44.dll
0x000000006ec70000 - 0x000000006ede1000 	C:\MATLAB\R2011b\bin\win64\icuuc44.dll
0x0000000010000000 - 0x0000000010e41000 	C:\MATLAB\R2011b\bin\win64\icudt44.dll
0x0000000073f70000 - 0x00000000740b5000 	C:\MATLAB\R2011b\bin\win64\libmwfl.dll
0x000000007a350000 - 0x000000007a556000 	C:\MATLAB\R2011b\bin\win64\libmwMATLAB_res.dll
0x0000000000160000 - 0x0000000000170000 	C:\MATLAB\R2011b\bin\win64\boost_date_time-vc90-mt-1_44.dll
0x000000007a250000 - 0x000000007a263000 	C:\MATLAB\R2011b\bin\win64\boost_signals-vc90-mt-1_44.dll
0x000000007a2d0000 - 0x000000007a2e2000 	C:\MATLAB\R2011b\bin\win64\boost_thread-vc90-mt-1_44.dll
0x00000000001a0000 - 0x00000000001e6000 	C:\MATLAB\R2011b\bin\win64\tbb.dll
0x000007fefdba0000 - 0x000007fefdbb9000 	C:\Windows\system32\imagehlp.dll
0x00000000771a0000 - 0x00000000771a7000 	C:\Windows\system32\PSAPI.DLL
0x0000000073b40000 - 0x0000000073b53000 	C:\MATLAB\R2011b\bin\win64\icuio44.dll
0x000007fef1cd0000 - 0x000007fef1df5000 	C:\Windows\system32\dbghelp.dll
0x0000000076d70000 - 0x0000000076e6a000 	C:\Windows\system32\USER32.dll
0x000007fefdbc0000 - 0x000007fefdc27000 	C:\Windows\system32\GDI32.dll
0x000007fefd8a0000 - 0x000007fefd8ae000 	C:\Windows\system32\LPK.dll
0x000007fefdc30000 - 0x000007fefdcf9000 	C:\Windows\system32\USP10.dll
0x000000007bed0000 - 0x000000007c148000 	C:\MATLAB\R2011b\bin\win64\libmwservices.dll
0x0000000075a20000 - 0x0000000075ad5000 	C:\MATLAB\R2011b\bin\win64\libmx.dll
0x000000007a210000 - 0x000000007a228000 	C:\MATLAB\R2011b\bin\win64\zlib1.dll
0x0000000074330000 - 0x0000000074453000 	C:\MATLAB\R2011b\bin\win64\libmwmathutil.dll
0x0000000075f10000 - 0x0000000075f5d000 	C:\MATLAB\R2011b\bin\win64\mpath.dll
0x000000007b680000 - 0x000000007bb4d000 	C:\MATLAB\R2011b\bin\win64\mlutil.dll
0x000000006ebf0000 - 0x000000006ec6f000 	C:\MATLAB\R2011b\bin\win64\xmlcore.dll
0x000000007bc30000 - 0x000000007be83000 	C:\MATLAB\R2011b\bin\win64\xerces-c_2_7.dll
0x000007feff0c0000 - 0x000007feff10d000 	C:\Windows\system32\WS2_32.dll
0x000007fefeca0000 - 0x000007fefeca8000 	C:\Windows\system32\NSI.dll
0x0000000004290000 - 0x00000000042a6000 	C:\MATLAB\R2011b\bin\win64\libmwsettings_res.dll
0x00000000042c0000 - 0x0000000004307000 	C:\MATLAB\R2011b\bin\win64\boost_serialization-vc90-mt-1_44.dll
0x000007fefdf10000 - 0x000007fefec98000 	C:\Windows\system32\SHELL32.dll
0x000007fefee60000 - 0x000007fefeed1000 	C:\Windows\system32\SHLWAPI.dll
0x000007fef8ec0000 - 0x000007fef8f60000 	C:\Windows\WinSxS\amd64_microsoft.windows.common-controls_6595b64144ccf1df_5.82.7601.17514_none_a4d6a923711520a9\COMCTL32.dll
0x000007feff110000 - 0x000007feff1a7000 	C:\Windows\system32\COMDLG32.dll
0x000007fefa290000 - 0x000007fefa2a6000 	C:\Windows\system32\NETAPI32.dll
0x000007fefa280000 - 0x000007fefa28c000 	C:\Windows\system32\netutils.dll
0x000007fefcfa0000 - 0x000007fefcfc3000 	C:\Windows\system32\srvcli.dll
0x000007fefa1b0000 - 0x000007fefa1c5000 	C:\Windows\system32\wkscli.dll
0x000007fefdd00000 - 0x000007fefdf03000 	C:\Windows\system32\ole32.dll
0x000007fefda10000 - 0x000007fefdae7000 	C:\Windows\system32\OLEAUT32.dll
0x0000000074970000 - 0x0000000074a41000 	C:\MATLAB\R2011b\bin\win64\mcr.dll
0x0000000075000000 - 0x0000000075324000 	C:\MATLAB\R2011b\bin\win64\iqm.dll
0x000000006b8e0000 - 0x000000006c0b0000 	C:\MATLAB\R2011b\bin\win64\m_interpreter.dll
0x0000000073b20000 - 0x0000000073b35000 	C:\MATLAB\R2011b\bin\win64\libmex.dll
0x0000000072d30000 - 0x0000000072dde000 	C:\MATLAB\R2011b\bin\win64\m_dispatcher.dll
0x0000000074880000 - 0x000000007496d000 	C:\MATLAB\R2011b\bin\win64\boost_regex-vc90-mt-1_44.dll
0x000000006eb60000 - 0x000000006ebe4000 	C:\MATLAB\R2011b\bin\win64\profiler.dll
0x0000000079f40000 - 0x0000000079f73000 	C:\MATLAB\R2011b\bin\win64\libmwmathrng.dll
0x0000000074c10000 - 0x0000000074cea000 	C:\MATLAB\R2011b\bin\win64\libmwmathcore.dll
0x0000000076160000 - 0x00000000761cb000 	C:\MATLAB\R2011b\bin\win64\libmwspmatrix.dll
0x0000000075ea0000 - 0x0000000075f02000 	C:\MATLAB\R2011b\bin\win64\libmwcholmod.dll
0x00000000044d0000 - 0x00000000044dd000 	C:\MATLAB\R2011b\bin\win64\libmwamd.dll
0x00000000044f0000 - 0x00000000044fc000 	C:\MATLAB\R2011b\bin\win64\libmwcolamd.dll
0x0000000073b00000 - 0x0000000073b19000 	C:\MATLAB\R2011b\bin\win64\libmwblas.dll
0x0000000073710000 - 0x0000000073722000 	C:\MATLAB\R2011b\bin\win64\libmwbinder.dll
0x0000000073af0000 - 0x0000000073afb000 	C:\MATLAB\R2011b\bin\win64\libmwompwrapper.dll
0x000000006dc20000 - 0x000000006dca2000 	C:\MATLAB\R2011b\bin\win64\libmwlapack.dll
0x0000000072cc0000 - 0x0000000072ce1000 	C:\MATLAB\R2011b\bin\win64\m_pcodeio.dll
0x0000000079b10000 - 0x0000000079b77000 	C:\MATLAB\R2011b\bin\win64\m_ir.dll
0x000000006b2a0000 - 0x000000006b8e0000 	C:\MATLAB\R2011b\bin\win64\m_parser.dll
0x0000000073630000 - 0x000000007364a000 	C:\MATLAB\R2011b\bin\win64\ir_xfmr.dll
0x000000006b010000 - 0x000000006b295000 	C:\MATLAB\R2011b\bin\win64\mcos.dll
0x00000000739c0000 - 0x00000000739cc000 	C:\MATLAB\R2011b\bin\win64\mtok.dll
0x000000006dbe0000 - 0x000000006dc11000 	C:\MATLAB\R2011b\bin\win64\m_pcodegen.dll
0x0000000079fb0000 - 0x0000000079fe5000 	C:\MATLAB\R2011b\bin\win64\libmwbridge.dll
0x000000006db10000 - 0x000000006dbd8000 	C:\MATLAB\R2011b\bin\win64\udd.dll
0x000000006d9c0000 - 0x000000006db07000 	C:\MATLAB\R2011b\bin\win64\libmwgui.dll
0x00000000721e0000 - 0x00000000721f7000 	C:\MATLAB\R2011b\bin\win64\graphics_util.dll
0x000000006a660000 - 0x000000006b010000 	C:\MATLAB\R2011b\bin\win64\hg.dll
0x0000000076100000 - 0x0000000076158000 	C:\MATLAB\R2011b\bin\win64\libmat.dll
0x0000000004620000 - 0x0000000004834000 	C:\MATLAB\R2011b\bin\win64\hdf5dll.dll
0x0000000075710000 - 0x000000007579d000 	C:\MATLAB\R2011b\bin\win64\jmi.dll
0x0000000004860000 - 0x000000000486e000 	C:\MATLAB\R2011b\bin\win64\nativejava_services.dll
0x000000006d820000 - 0x000000006d863000 	C:\MATLAB\R2011b\bin\win64\libmwhardcopy.dll
0x000000006a5f0000 - 0x000000006a653000 	C:\MATLAB\R2011b\bin\win64\libuij.dll
0x000000006a3e0000 - 0x000000006a5e7000 	C:\MATLAB\R2011b\bin\win64\hgdatatypes.dll
0x000000006a2e0000 - 0x000000006a3d9000 	C:\MATLAB\R2011b\bin\win64\hgutils.dll
0x000000006a220000 - 0x000000006a2dd000 	C:\MATLAB\R2011b\bin\win64\udd_mi.dll
0x00000000048d0000 - 0x0000000004b99000 	C:\MATLAB\R2011b\bin\win64\uiw.dll
0x0000000073620000 - 0x000000007362f000 	C:\MATLAB\R2011b\bin\win64\uinone.dll
0x000007fef8080000 - 0x000007fef8098000 	C:\Windows\system32\MPR.dll
0x0000000069ac0000 - 0x0000000069fa4000 	C:\Windows\WinSxS\amd64_microsoft.vc90.mfc_1fc8b3b9a1e18e3b_9.0.30729.6161_none_044aad0bab1eb146\mfc90.dll
0x000007fef9530000 - 0x000007fef9537000 	C:\Windows\system32\MSIMG32.dll
0x000007fef8e40000 - 0x000007fef8eb1000 	C:\Windows\system32\WINSPOOL.DRV
0x00000000721b0000 - 0x00000000721d1000 	C:\MATLAB\R2011b\bin\win64\mwoles05.DLL
0x000000006a1a0000 - 0x000000006a215000 	C:\MATLAB\R2011b\bin\win64\comcli.dll
0x000000006eb30000 - 0x000000006eb5f000 	C:\Windows\WinSxS\amd64_microsoft.vc90.atl_1fc8b3b9a1e18e3b_9.0.30729.6161_none_0a1fd3a3a768b895\ATL90.DLL
0x00000000738e0000 - 0x00000000738ec000 	C:\MATLAB\R2011b\bin\win64\mlautoregister.dll
0x0000000004bf0000 - 0x0000000004c00000 	C:\MATLAB\R2011b\bin\win64\boost_iostreams-vc90-mt-1_44.dll
0x000007fefdb10000 - 0x000007fefdb3e000 	C:\Windows\system32\IMM32.DLL
0x000007fefed50000 - 0x000007fefee59000 	C:\Windows\system32\MSCTF.dll
0x000007fefbba0000 - 0x000007fefbbf6000 	C:\Windows\system32\UxTheme.dll
0x000007fefc6e0000 - 0x000007fefc6f8000 	C:\Windows\system32\dwmapi.dll
0x0000000072cb0000 - 0x0000000072cbd000 	C:\Windows\WinSxS\amd64_microsoft.vc90.mfcloc_1fc8b3b9a1e18e3b_9.0.30729.6161_none_01c9581e60cbee58\MFC90ENU.DLL
0x0000000004c50000 - 0x0000000004c79000 	C:\MATLAB\R2011b\bin\win64\tbbmalloc.dll
0x000007fefd430000 - 0x000007fefd43f000 	C:\Windows\system32\profapi.dll
0x000007fefa250000 - 0x000007fefa277000 	C:\Windows\system32\iphlpapi.dll
0x000007fefa240000 - 0x000007fefa24b000 	C:\Windows\system32\WINNSI.DLL
0x000007fefcb20000 - 0x000007fefcb7b000 	C:\Windows\system32\DNSAPI.dll
0x000007fefa130000 - 0x000007fefa141000 	C:\Windows\system32\dhcpcsvc6.DLL
0x000007fefa110000 - 0x000007fefa128000 	C:\Windows\system32\dhcpcsvc.DLL
0x000000006d9b0000 - 0x000000006d9b3000 	C:\Windows\system32\icmp.Dll
0x000007fefd360000 - 0x000007fefd36f000 	C:\Windows\system32\CRYPTBASE.dll
0x000007fefd720000 - 0x000007fefd756000 	C:\Windows\system32\CFGMGR32.dll
0x0000000078870000 - 0x0000000078ecd000 	C:\MATLAB\R2011b\sys\java\jre\win64\jre\bin\server\jvm.dll
0x000007fefa5c0000 - 0x000007fefa5fb000 	C:\Windows\system32\WINMM.dll
0x0000000005000000 - 0x000000000500e000 	C:\MATLAB\R2011b\sys\java\jre\win64\jre\bin\verify.dll
0x000000007a070000 - 0x000000007a097000 	C:\MATLAB\R2011b\sys\java\jre\win64\jre\bin\java.dll
0x0000000005030000 - 0x000000000503a000 	C:\MATLAB\R2011b\sys\java\jre\win64\jre\bin\hpi.dll
0x00000000051d0000 - 0x00000000051e2000 	C:\MATLAB\R2011b\sys\java\jre\win64\jre\bin\zip.dll
0x0000000075b90000 - 0x0000000075bfb000 	C:\MATLAB\R2011b\sys\java\jre\win64\jre\bin\fontmanager.dll
0x0000000073150000 - 0x0000000073311000 	C:\MATLAB\R2011b\sys\java\jre\win64\jre\bin\awt.dll
0x0000000079cf0000 - 0x0000000079d96000 	C:\MATLAB\R2011b\bin\win64\nativejmi.dll

VM Arguments:
jvm_args: -Xss512k -XX:PermSize=32m -Xms64m -XX:NewRatio=3 -XX:MaxPermSize=128m -Xmx196m -XX:MaxDirectMemorySize=2147400000 -Dsun.java2d.noddraw=true -Dsun.awt.nopixfmt=true -Xshare:off -Xrs -Dsun.awt.disableMixing=true -Djava.library.path=C:\MATLAB\R2011b\bin\win64 vfprintf abort 
java_command: <unknown>
Launcher Type: generic

Environment Variables:
CLASSPATH=.;C:\Program Files (x86)\Java\jre7\lib\ext\QTJava.zip
PATH=C:\Program Files\NVIDIA GPU Computing Toolkit\CUDA\v4.1\bin;C:\Program Files\NVIDIA GPU Computing Toolkit\CUDA\v4.1\libnvvp\;C:\Program Files (x86)\NVIDIA Corporation\PhysX\Common;C:\Windows\system32;C:\Windows;C:\Windows\System32\Wbem;C:\Windows\System32\WindowsPowerShell\v1.0\;C:\Program Files\Intel\DMIX;C:\Program Files\Microsoft Windows Performance Toolkit\;C:\MATLAB\R2011b\runtime\win64;C:\MATLAB\R2011b\bin;C:\Program Files (x86)\MiKTeX 2.9\miktex\bin\;C:\Program Files (x86)\QuickTime\QTSystem\;C:\Program Files\Microsoft SQL Server\110\Tools\Binn\;C:\Program Files (x86)\Microsoft Visual Studio 10.0\VC\bin;C:\Program Files (x86)\Microsoft Visual Studio 10.0\VC\bin\amd64
USERNAME=jchua
LD_LIBRARY_PATH=C:\Program Files (x86)\Microsoft Visual Studio 11.0\VC\include
OS=Windows_NT
PROCESSOR_IDENTIFIER=Intel64 Family 6 Model 26 Stepping 5, GenuineIntel



---------------  S Y S T E M  ---------------

OS: Windows 7 Build 7601 Service Pack 1

CPU:total 8 (8 cores per cpu, 2 threads per core) family 6 model 26 stepping 5, cmov, cx8, fxsr, mmx, sse, sse2, sse3, ssse3, sse4.1, sse4.2, ht

Memory: 4k page, physical 16777216k(9272912k free), swap 33552576k(24800804k free)

vm_info: Java HotSpot(TM) 64-Bit Server VM (14.3-b01) for windows-amd64 JRE (1.6.0_17-b04), built on Oct 11 2009 00:46:08 by "java_re" with MS VC++ 8.0

time: Thu May 23 15:34:37 2013
elapsed time: 7709 seconds

